{"level":"info","message":"MongoDB Connected: ac-gkmix8l-shard-00-00.cyza6yw.mongodb.net"}
{"level":"info","message":"Server is running on port 5000"}
{"level":"info","message":"API Documentation available at http://localhost:5000/api-docs"}
{"level":"info","message":"MongoDB Connected: ac-gkmix8l-shard-00-02.cyza6yw.mongodb.net"}
{"level":"info","message":"Server is running on port 5000"}
{"level":"info","message":"API Documentation available at http://localhost:5000/api-docs"}
{"level":"info","message":"MongoDB Connected: ac-gkmix8l-shard-00-00.cyza6yw.mongodb.net"}
{"level":"info","message":"MongoDB Connected: ac-gkmix8l-shard-00-01.cyza6yw.mongodb.net"}
{"level":"info","message":"MongoDB Connected: ac-gkmix8l-shard-00-00.cyza6yw.mongodb.net"}
{"level":"info","message":"Server is running on port 5000"}
{"level":"info","message":"MongoDB Connected: ac-gkmix8l-shard-00-00.cyza6yw.mongodb.net"}
{"level":"info","message":"API Documentation available at http://localhost:5000/api-docs"}
{"level":"info","message":"MongoDB Connected: ac-gkmix8l-shard-00-02.cyza6yw.mongodb.net"}
{"level":"info","message":"MongoDB Connected: ac-gkmix8l-shard-00-00.cyza6yw.mongodb.net"}
{"level":"info","message":"Server is running on port 5000"}
{"level":"info","message":"API Documentation available at http://localhost:5000/api-docs"}
{"level":"info","message":"MongoDB Connected: ac-gkmix8l-shard-00-02.cyza6yw.mongodb.net"}
{"level":"info","message":"MongoDB Connected: ac-gkmix8l-shard-00-00.cyza6yw.mongodb.net"}
{"level":"info","message":"Server is running on port 5000"}
{"level":"info","message":"API Documentation available at http://localhost:5000/api-docs"}
{"level":"info","message":"MongoDB Connected: ac-gkmix8l-shard-00-02.cyza6yw.mongodb.net"}
{"level":"info","message":"MongoDB Connected: ac-gkmix8l-shard-00-01.cyza6yw.mongodb.net"}
{"level":"info","message":"MongoDB Connected: ac-gkmix8l-shard-00-01.cyza6yw.mongodb.net"}
{"level":"info","message":"Server is running on port 5000"}
{"level":"info","message":"MongoDB Connected: ac-gkmix8l-shard-00-02.cyza6yw.mongodb.net"}
{"level":"info","message":"MongoDB Connected: ac-gkmix8l-shard-00-01.cyza6yw.mongodb.net"}
{"level":"info","message":"Server is running on port 5000"}
{"level":"info","message":"API Documentation available at http://localhost:5000/api-docs"}
{"level":"info","message":"MongoDB Connected: ac-gkmix8l-shard-00-00.cyza6yw.mongodb.net"}
{"level":"info","message":"Server is running on port 5000"}
{"level":"info","message":"API Documentation available at http://localhost:5000/api-docs"}
{"level":"info","message":"MongoDB Connected: ac-gkmix8l-shard-00-02.cyza6yw.mongodb.net"}
{"level":"info","message":"MongoDB Connected: ac-gkmix8l-shard-00-01.cyza6yw.mongodb.net"}
{"level":"info","message":"MongoDB Connected: ac-gkmix8l-shard-00-00.cyza6yw.mongodb.net"}
{"level":"info","message":"Server is running on port 5000"}
{"level":"info","message":"API Documentation available at http://localhost:5000/api-docs"}
{"level":"warn","message":"MongoDB disconnected"}
{"level":"error","message":"Error connecting to MongoDB: querySrv ECONNREFUSED _mongodb._tcp.cluster0.cyza6yw.mongodb.net"}
{"level":"error","message":"Error connecting to MongoDB: querySrv ECONNREFUSED _mongodb._tcp.cluster0.cyza6yw.mongodb.net"}
{"level":"info","message":"MongoDB Connected: ac-gkmix8l-shard-00-00.cyza6yw.mongodb.net"}
{"level":"info","message":"Server is running on port 5000"}
{"level":"info","message":"API Documentation available at http://localhost:5000/api-docs"}
{"level":"warn","message":"MongoDB disconnected"}
{"level":"info","message":"MongoDB Connected: ac-gkmix8l-shard-00-00.cyza6yw.mongodb.net"}
{"level":"info","message":"Server is running on port 5000"}
{"level":"info","message":"API Documentation available at http://localhost:5000/api-docs"}
{"level":"info","message":"MongoDB Connected: ac-gkmix8l-shard-00-01.cyza6yw.mongodb.net"}
{"level":"info","message":"Server is running on port 5000"}
{"level":"info","message":"API Documentation available at http://localhost:5000/api-docs"}
{"level":"info","message":"MongoDB Connected: ac-gkmix8l-shard-00-02.cyza6yw.mongodb.net"}
{"level":"info","message":"Server is running on port 5000"}
{"level":"info","message":"API Documentation available at http://localhost:5000/api-docs"}
{"level":"info","message":"MongoDB Connected: ac-gkmix8l-shard-00-00.cyza6yw.mongodb.net"}
{"level":"info","message":"Server is running on port 5000"}
{"level":"info","message":"API Documentation available at http://localhost:5000/api-docs"}
{"level":"info","message":"MongoDB Connected: ac-gkmix8l-shard-00-01.cyza6yw.mongodb.net"}
{"level":"info","message":"Server is running on port 5000"}
{"level":"info","message":"API Documentation available at http://localhost:5000/api-docs"}
{"level":"info","message":"MongoDB Connected: ac-gkmix8l-shard-00-00.cyza6yw.mongodb.net"}
{"level":"info","message":"Server is running on port 5000"}
{"level":"info","message":"API Documentation available at http://localhost:5000/api-docs"}
{"level":"info","message":"MongoDB Connected: ac-gkmix8l-shard-00-02.cyza6yw.mongodb.net"}
{"level":"info","message":"Server is running on port 5000"}
{"level":"info","message":"API Documentation available at http://localhost:5000/api-docs"}
{"level":"info","message":"MongoDB Connected: ac-gkmix8l-shard-00-02.cyza6yw.mongodb.net"}
{"level":"info","message":"Server is running on port 5000"}
{"level":"info","message":"API Documentation available at http://localhost:5000/api-docs"}
{"level":"warn","message":"MongoDB disconnected"}
{"level":"warn","message":"MongoDB disconnected"}
{"level":"warn","message":"MongoDB disconnected"}
{"level":"warn","message":"MongoDB disconnected"}
{"level":"warn","message":"MongoDB disconnected"}
{"level":"warn","message":"MongoDB disconnected"}
{"level":"warn","message":"MongoDB disconnected"}
{"level":"warn","message":"MongoDB disconnected"}
{"level":"warn","message":"MongoDB disconnected"}
{"level":"warn","message":"MongoDB disconnected"}
{"level":"warn","message":"MongoDB disconnected"}
{"level":"warn","message":"MongoDB disconnected"}
{"level":"warn","message":"MongoDB disconnected"}
{"level":"warn","message":"MongoDB disconnected"}
{"level":"warn","message":"MongoDB disconnected"}
{"level":"warn","message":"MongoDB disconnected"}
{"level":"warn","message":"MongoDB disconnected"}
{"level":"info","message":"MongoDB Connected: ac-gkmix8l-shard-00-01.cyza6yw.mongodb.net"}
{"level":"info","message":"Server is running on port 5000"}
{"level":"info","message":"API Documentation available at http://localhost:5000/api-docs"}
{"level":"warn","message":"MongoDB disconnected"}
{"level":"warn","message":"MongoDB disconnected"}
{"level":"info","message":"MongoDB Connected: ac-gkmix8l-shard-00-00.cyza6yw.mongodb.net"}
{"level":"info","message":"Server is running on port 5000"}
{"level":"info","message":"API Documentation available at http://localhost:5000/api-docs"}
{"level":"info","message":"MongoDB Connected: ac-gkmix8l-shard-00-02.cyza6yw.mongodb.net"}
{"level":"info","message":"Server is running on port 5000"}
{"level":"info","message":"API Documentation available at http://localhost:5000/api-docs"}
{"level":"info","message":"MongoDB Connected: ac-gkmix8l-shard-00-01.cyza6yw.mongodb.net"}
{"level":"info","message":"Server is running on port 5000"}
{"level":"info","message":"API Documentation available at http://localhost:5000/api-docs"}
{"level":"info","message":"MongoDB Connected: ac-gkmix8l-shard-00-00.cyza6yw.mongodb.net"}
{"level":"info","message":"Server is running on port 5000"}
{"level":"info","message":"API Documentation available at http://localhost:5000/api-docs"}
{"level":"info","message":"MongoDB Connected: ac-gkmix8l-shard-00-00.cyza6yw.mongodb.net"}
{"level":"info","message":"MongoDB Connected: ac-gkmix8l-shard-00-02.cyza6yw.mongodb.net"}
{"level":"info","message":"MongoDB Connected: ac-gkmix8l-shard-00-00.cyza6yw.mongodb.net"}
{"level":"info","message":"MongoDB Connected: ac-gkmix8l-shard-00-00.cyza6yw.mongodb.net"}
{"level":"info","message":"Server is running on port 5000"}
{"level":"info","message":"API Documentation available at http://localhost:5000/api-docs"}
{"level":"info","message":"MongoDB Connected: ac-gkmix8l-shard-00-00.cyza6yw.mongodb.net"}
{"level":"info","message":"MongoDB Connected: ac-gkmix8l-shard-00-02.cyza6yw.mongodb.net"}
{"level":"info","message":"MongoDB Connected: ac-gkmix8l-shard-00-01.cyza6yw.mongodb.net"}
{"level":"warn","message":"MongoDB disconnected"}
{"level":"info","message":"MongoDB Connected: ac-gkmix8l-shard-00-00.cyza6yw.mongodb.net"}
{"level":"info","message":"Server is running on port 5000"}
{"level":"info","message":"API Documentation available at http://localhost:5000/api-docs"}
{"level":"warn","message":"MongoDB disconnected"}
{"level":"info","message":"MongoDB Connected: ac-gkmix8l-shard-00-00.cyza6yw.mongodb.net"}
{"level":"info","message":"Server is running on port 5000"}
{"level":"info","message":"API Documentation available at http://localhost:5000/api-docs"}
{"level":"info","message":"MongoDB Connected: ac-gkmix8l-shard-00-00.cyza6yw.mongodb.net"}
{"level":"info","message":"Server is running on port 5000"}
{"level":"info","message":"API Documentation available at http://localhost:5000/api-docs"}
{"level":"warn","message":"MongoDB disconnected"}
{"level":"warn","message":"MongoDB disconnected"}
{"level":"info","message":"MongoDB Connected: ac-gkmix8l-shard-00-00.cyza6yw.mongodb.net"}
{"level":"info","message":"Server is running on port 5000"}
{"level":"info","message":"API Documentation available at http://localhost:5000/api-docs"}
{"level":"info","message":"MongoDB Connected: ac-gkmix8l-shard-00-01.cyza6yw.mongodb.net"}
{"level":"info","message":"Server is running on port 5000"}
{"level":"info","message":"API Documentation available at http://localhost:5000/api-docs"}
{"level":"info","message":"MongoDB Connected: ac-gkmix8l-shard-00-01.cyza6yw.mongodb.net"}
{"level":"info","message":"Server is running on port 5000"}
{"level":"info","message":"API Documentation available at http://localhost:5000/api-docs"}
{"level":"info","message":"MongoDB Connected: ac-gkmix8l-shard-00-02.cyza6yw.mongodb.net"}
{"level":"info","message":"Server is running on port 5000"}
{"level":"info","message":"API Documentation available at http://localhost:5000/api-docs"}
{"level":"warn","message":"MongoDB disconnected"}
{"level":"warn","message":"MongoDB disconnected"}
{"level":"warn","message":"MongoDB disconnected"}
{"level":"warn","message":"MongoDB disconnected"}
{"level":"warn","message":"MongoDB disconnected"}
{"level":"warn","message":"MongoDB disconnected"}
{"level":"error","message":"Error connecting to MongoDB: querySrv ETIMEOUT _mongodb._tcp.cluster0.cyza6yw.mongodb.net"}
{"level":"error","message":"Error connecting to MongoDB: querySrv ETIMEOUT _mongodb._tcp.cluster0.cyza6yw.mongodb.net"}
{"level":"info","message":"MongoDB Connected: ac-gkmix8l-shard-00-01.cyza6yw.mongodb.net"}
{"level":"info","message":"Server is running on port 5000"}
{"level":"info","message":"API Documentation available at http://localhost:5000/api-docs"}
{"level":"warn","message":"MongoDB disconnected"}
{"level":"warn","message":"MongoDB disconnected"}
{"level":"warn","message":"MongoDB disconnected"}
{"level":"warn","message":"MongoDB disconnected"}
{"level":"warn","message":"MongoDB disconnected"}
{"level":"warn","message":"MongoDB disconnected"}
{"level":"warn","message":"MongoDB disconnected"}
{"level":"warn","message":"MongoDB disconnected"}
{"level":"warn","message":"MongoDB disconnected"}
{"level":"info","message":"MongoDB Connected: ac-gkmix8l-shard-00-00.cyza6yw.mongodb.net"}
{"level":"info","message":"Server is running on port 5000"}
{"level":"info","message":"API Documentation available at http://localhost:5000/api-docs"}
{"level":"info","message":"MongoDB Connected: ac-gkmix8l-shard-00-00.cyza6yw.mongodb.net"}
{"level":"info","message":"Server is running on port 5000"}
{"level":"info","message":"API Documentation available at http://localhost:5000/api-docs"}
{"level":"info","message":"MongoDB Connected: ac-gkmix8l-shard-00-00.cyza6yw.mongodb.net"}
{"level":"info","message":"Server is running on port 5000"}
{"level":"info","message":"API Documentation available at http://localhost:5000/api-docs"}
{"level":"error","message":"Error connecting to MongoDB: querySrv ETIMEOUT _mongodb._tcp.cluster0.cyza6yw.mongodb.net"}
{"level":"info","message":"MongoDB Connected: ac-gkmix8l-shard-00-00.cyza6yw.mongodb.net"}
{"level":"info","message":"Server is running on port 5000"}
{"level":"info","message":"API Documentation available at http://localhost:5000/api-docs"}
{"level":"info","message":"MongoDB Connected: ac-gkmix8l-shard-00-00.cyza6yw.mongodb.net"}
{"level":"info","message":"Server is running on port 5000"}
{"level":"info","message":"API Documentation available at http://localhost:5000/api-docs"}
{"level":"info","message":"MongoDB Connected: ac-gkmix8l-shard-00-00.cyza6yw.mongodb.net"}
{"level":"info","message":"Server is running on port 5000"}
{"level":"info","message":"API Documentation available at http://localhost:5000/api-docs"}
{"level":"warn","message":"MongoDB disconnected"}
{"level":"info","message":"MongoDB Connected: ac-gkmix8l-shard-00-01.cyza6yw.mongodb.net"}
{"level":"info","message":"Server is running on port 5000"}
{"level":"info","message":"API Documentation available at http://localhost:5000/api-docs"}
{"level":"warn","message":"MongoDB disconnected"}
{"level":"info","message":"MongoDB Connected: ac-gkmix8l-shard-00-02.cyza6yw.mongodb.net"}
{"level":"info","message":"Server is running on port 5000"}
{"level":"info","message":"API Documentation available at http://localhost:5000/api-docs"}
{"level":"warn","message":"MongoDB disconnected"}
{"level":"warn","message":"MongoDB disconnected"}
{"level":"info","message":"MongoDB Connected: ac-gkmix8l-shard-00-01.cyza6yw.mongodb.net"}
{"level":"info","message":"Server is running on port 5000"}
{"level":"info","message":"API Documentation available at http://localhost:5000/api-docs"}
{"level":"info","message":"MongoDB Connected: ac-gkmix8l-shard-00-02.cyza6yw.mongodb.net"}
{"level":"info","message":"Server is running on port 5000"}
{"level":"info","message":"API Documentation available at http://localhost:5000/api-docs"}
{"level":"warn","message":"MongoDB disconnected"}
{"level":"info","message":"MongoDB Connected: ac-gkmix8l-shard-00-02.cyza6yw.mongodb.net"}
{"level":"info","message":"Server is running on port 5000"}
{"level":"info","message":"API Documentation available at http://localhost:5000/api-docs"}
{"level":"warn","message":"MongoDB disconnected"}
{"level":"warn","message":"MongoDB disconnected"}
{"level":"warn","message":"MongoDB disconnected"}
{"level":"info","message":"MongoDB Connected: ac-gkmix8l-shard-00-00.cyza6yw.mongodb.net"}
{"level":"info","message":"Server is running on port 5000"}
{"level":"info","message":"API Documentation available at http://localhost:5000/api-docs"}
{"level":"info","message":"MongoDB Connected: ac-gkmix8l-shard-00-00.cyza6yw.mongodb.net"}
{"level":"info","message":"Server is running on port 5000"}
{"level":"info","message":"API Documentation available at http://localhost:5000/api-docs"}
{"level":"info","message":"MongoDB Connected: ac-gkmix8l-shard-00-00.cyza6yw.mongodb.net"}
{"level":"info","message":"Server is running on port 5000"}
{"level":"info","message":"API Documentation available at http://localhost:5000/api-docs"}
{"level":"info","message":"MongoDB Connected: ac-gkmix8l-shard-00-00.cyza6yw.mongodb.net"}
{"level":"info","message":"Server is running on port 5000"}
{"level":"info","message":"API Documentation available at http://localhost:5000/api-docs"}
{"level":"warn","message":"MongoDB disconnected"}
{"level":"info","message":"MongoDB Connected: ac-gkmix8l-shard-00-00.cyza6yw.mongodb.net"}
{"level":"info","message":"Server is running on port 5000"}
{"level":"info","message":"API Documentation available at http://localhost:5000/api-docs"}
{"level":"warn","message":"MongoDB disconnected"}
{"level":"warn","message":"MongoDB disconnected"}
{"level":"warn","message":"MongoDB disconnected"}
{"level":"warn","message":"MongoDB disconnected"}
{"level":"warn","message":"MongoDB disconnected"}
{"level":"warn","message":"MongoDB disconnected"}
{"level":"warn","message":"MongoDB disconnected"}
{"level":"warn","message":"MongoDB disconnected"}
{"level":"warn","message":"MongoDB disconnected"}
{"level":"warn","message":"MongoDB disconnected"}
{"level":"warn","message":"MongoDB disconnected"}
{"level":"warn","message":"MongoDB disconnected"}
{"level":"warn","message":"MongoDB disconnected"}
{"level":"warn","message":"MongoDB disconnected"}
{"level":"warn","message":"MongoDB disconnected"}
{"level":"warn","message":"MongoDB disconnected"}
{"level":"warn","message":"MongoDB disconnected"}
{"level":"warn","message":"MongoDB disconnected"}
{"level":"warn","message":"MongoDB disconnected"}
{"level":"warn","message":"MongoDB disconnected"}
{"level":"error","message":"Error connecting to MongoDB: querySrv ETIMEOUT _mongodb._tcp.cluster0.cyza6yw.mongodb.net"}
{"level":"info","message":"MongoDB Connected: ac-gkmix8l-shard-00-00.cyza6yw.mongodb.net"}
{"level":"info","message":"Server is running on port 5000"}
{"level":"info","message":"API Documentation available at http://localhost:5000/api-docs"}
{"level":"info","message":"MongoDB Connected: ac-gkmix8l-shard-00-00.cyza6yw.mongodb.net"}
{"level":"info","message":"Server is running on port 5000"}
{"level":"info","message":"API Documentation available at http://localhost:5000/api-docs"}
{"level":"warn","message":"MongoDB disconnected"}
{"level":"warn","message":"MongoDB disconnected"}
{"level":"warn","message":"MongoDB disconnected"}
{"level":"warn","message":"MongoDB disconnected"}
{"level":"warn","message":"MongoDB disconnected"}
{"level":"warn","message":"MongoDB disconnected"}
{"level":"warn","message":"MongoDB disconnected"}
{"level":"warn","message":"MongoDB disconnected"}
{"level":"warn","message":"MongoDB disconnected"}
{"level":"warn","message":"MongoDB disconnected"}
{"level":"warn","message":"MongoDB disconnected"}
{"level":"warn","message":"MongoDB disconnected"}
{"level":"warn","message":"MongoDB disconnected"}
{"level":"warn","message":"MongoDB disconnected"}
{"level":"warn","message":"MongoDB disconnected"}
{"level":"warn","message":"MongoDB disconnected"}
{"level":"info","message":"MongoDB Connected: ac-gkmix8l-shard-00-00.cyza6yw.mongodb.net"}
{"level":"info","message":"Server is running on port 5000"}
{"level":"info","message":"API Documentation available at http://localhost:5000/api-docs"}
{"level":"info","message":"MongoDB Connected: ac-gkmix8l-shard-00-00.cyza6yw.mongodb.net"}
{"level":"info","message":"Server is running on port 5000"}
{"level":"info","message":"API Documentation available at http://localhost:5000/api-docs"}
{"level":"error","message":"SyntaxError: Expected ',' or '}' after property value in JSON at position 62 (line 3 column 29)\n    at JSON.parse (<anonymous>)\n    at parse (C:\\Users\\USER\\backend\\node_modules\\body-parser\\lib\\types\\json.js:92:19)\n    at C:\\Users\\USER\\backend\\node_modules\\body-parser\\lib\\read.js:128:18\n    at AsyncResource.runInAsyncScope (node:async_hooks:211:14)\n    at invokeCallback (C:\\Users\\USER\\backend\\node_modules\\raw-body\\index.js:238:16)\n    at done (C:\\Users\\USER\\backend\\node_modules\\raw-body\\index.js:227:7)\n    at IncomingMessage.onEnd (C:\\Users\\USER\\backend\\node_modules\\raw-body\\index.js:287:7)\n    at IncomingMessage.emit (node:events:518:28)\n    at endReadableNT (node:internal/streams/readable:1698:12)\n    at process.processTicksAndRejections (node:internal/process/task_queues:90:21)"}
{"level":"info","message":"MongoDB Connected: ac-gkmix8l-shard-00-00.cyza6yw.mongodb.net"}
{"level":"info","message":"Server is running on port 5000"}
{"level":"info","message":"API Documentation available at http://localhost:5000/api-docs"}
{"level":"info","message":"MongoDB Connected: ac-gkmix8l-shard-00-00.cyza6yw.mongodb.net"}
{"level":"info","message":"Server is running on port 5000"}
{"level":"info","message":"API Documentation available at http://localhost:5000/api-docs"}
{"level":"info","message":"MongoDB Connected: ac-gkmix8l-shard-00-00.cyza6yw.mongodb.net"}
{"level":"info","message":"Server is running on port 5000"}
{"level":"info","message":"API Documentation available at http://localhost:5000/api-docs"}
{"level":"warn","message":"MongoDB disconnected"}
{"level":"info","message":"MongoDB Connected: ac-gkmix8l-shard-00-00.cyza6yw.mongodb.net"}
{"level":"info","message":"Server is running on port 5000"}
{"level":"info","message":"API Documentation available at http://localhost:5000/api-docs"}
{"level":"warn","message":"MongoDB disconnected"}
{"level":"warn","message":"MongoDB disconnected"}
{"level":"warn","message":"MongoDB disconnected"}
{"level":"warn","message":"MongoDB disconnected"}
{"level":"warn","message":"MongoDB disconnected"}
{"level":"warn","message":"MongoDB disconnected"}
{"level":"warn","message":"MongoDB disconnected"}
{"level":"warn","message":"MongoDB disconnected"}
{"level":"warn","message":"MongoDB disconnected"}
{"level":"warn","message":"MongoDB disconnected"}
{"level":"warn","message":"MongoDB disconnected"}
{"level":"warn","message":"MongoDB disconnected"}
